The target system is: Arduino -  - 
The host system is: Darwin - 13.2.0 - x86_64
Compiling the C compiler identification source file "CMakeCCompilerId.c" succeeded.
Compiler: /usr/local/CrossPack-AVR/bin/avr-gcc 
Build flags: 
Id flags: 

The output was:
0


Compilation of the C compiler identification source "CMakeCCompilerId.c" produced "a.out"

The C compiler identification is GNU, found in "/Users/halfdan-rump/projects/satoyama/satoyama-edge/aggregator/build/CMakeFiles/3.0.2/CompilerIdC/a.out"

Compiling the CXX compiler identification source file "CMakeCXXCompilerId.cpp" succeeded.
Compiler: /usr/local/CrossPack-AVR/bin/avr-g++ 
Build flags: 
Id flags: 

The output was:
0


Compilation of the CXX compiler identification source "CMakeCXXCompilerId.cpp" produced "a.out"

The CXX compiler identification is GNU, found in "/Users/halfdan-rump/projects/satoyama/satoyama-edge/aggregator/build/CMakeFiles/3.0.2/CompilerIdCXX/a.out"

Determining if the C compiler works passed with the following output:
Change Dir: /Users/halfdan-rump/projects/satoyama/satoyama-edge/aggregator/build/CMakeFiles/CMakeTmp

Run Build Command:"/usr/bin/make" "cmTryCompileExec1564470925/fast"
/Applications/Xcode.app/Contents/Developer/usr/bin/make -f CMakeFiles/cmTryCompileExec1564470925.dir/build.make CMakeFiles/cmTryCompileExec1564470925.dir/build
/usr/local/Cellar/cmake/3.0.2/bin/cmake -E cmake_progress_report /Users/halfdan-rump/projects/satoyama/satoyama-edge/aggregator/build/CMakeFiles/CMakeTmp/CMakeFiles 1
Building C object CMakeFiles/cmTryCompileExec1564470925.dir/testCCompiler.c.obj
/usr/local/CrossPack-AVR/bin/avr-gcc   -g -Os       -mcall-prologues -ffunction-sections -fdata-sections    -o CMakeFiles/cmTryCompileExec1564470925.dir/testCCompiler.c.obj   -c /Users/halfdan-rump/projects/satoyama/satoyama-edge/aggregator/build/CMakeFiles/CMakeTmp/testCCompiler.c
Linking C executable cmTryCompileExec1564470925
/usr/local/Cellar/cmake/3.0.2/bin/cmake -E cmake_link_script CMakeFiles/cmTryCompileExec1564470925.dir/link.txt --verbose=1
/usr/local/CrossPack-AVR/bin/avr-gcc  -g -Os       -mcall-prologues -ffunction-sections -fdata-sections   -Wl,--gc-sections -lm CMakeFiles/cmTryCompileExec1564470925.dir/testCCompiler.c.obj  -o cmTryCompileExec1564470925  


Detecting C compiler ABI info compiled with the following output:
Change Dir: /Users/halfdan-rump/projects/satoyama/satoyama-edge/aggregator/build/CMakeFiles/CMakeTmp

Run Build Command:"/usr/bin/make" "cmTryCompileExec3751407497/fast"
/Applications/Xcode.app/Contents/Developer/usr/bin/make -f CMakeFiles/cmTryCompileExec3751407497.dir/build.make CMakeFiles/cmTryCompileExec3751407497.dir/build
/usr/local/Cellar/cmake/3.0.2/bin/cmake -E cmake_progress_report /Users/halfdan-rump/projects/satoyama/satoyama-edge/aggregator/build/CMakeFiles/CMakeTmp/CMakeFiles 1
Building C object CMakeFiles/cmTryCompileExec3751407497.dir/CMakeCCompilerABI.c.obj
/usr/local/CrossPack-AVR/bin/avr-gcc   -g -Os       -mcall-prologues -ffunction-sections -fdata-sections    -o CMakeFiles/cmTryCompileExec3751407497.dir/CMakeCCompilerABI.c.obj   -c /usr/local/Cellar/cmake/3.0.2/share/cmake/Modules/CMakeCCompilerABI.c
Linking C executable cmTryCompileExec3751407497
/usr/local/Cellar/cmake/3.0.2/bin/cmake -E cmake_link_script CMakeFiles/cmTryCompileExec3751407497.dir/link.txt --verbose=1
/usr/local/CrossPack-AVR/bin/avr-gcc  -g -Os       -mcall-prologues -ffunction-sections -fdata-sections   -v CMakeFiles/cmTryCompileExec3751407497.dir/CMakeCCompilerABI.c.obj  -o cmTryCompileExec3751407497   
Using built-in specs.
COLLECT_GCC=/usr/local/CrossPack-AVR/bin/avr-gcc
COLLECT_LTO_WRAPPER=/usr/local/CrossPack-AVR-20131216/libexec/gcc/avr/4.8.1/lto-wrapper
Target: avr
Configured with: ../configure --prefix=/usr/local/CrossPack-AVR-20131216 --disable-dependency-tracking --disable-nls --disable-werror --target=avr --enable-languages=c,c++ --disable-libssp --disable-libada --with-dwarf2 --disable-shared --with-avrlibc=yes --with-gmp=/Users/cs/Developer/Repos/Microcontroller/CrossPack-AVR/temporary-install --with-mpfr=/Users/cs/Developer/Repos/Microcontroller/CrossPack-AVR/temporary-install --with-mpc=/Users/cs/Developer/Repos/Microcontroller/CrossPack-AVR/temporary-install
Thread model: single
gcc version 4.8.1 (GCC) 
COMPILER_PATH=/usr/local/CrossPack-AVR-20131216/libexec/gcc/avr/4.8.1/:/usr/local/CrossPack-AVR-20131216/libexec/gcc/avr/4.8.1/:/usr/local/CrossPack-AVR-20131216/libexec/gcc/avr/:/usr/local/CrossPack-AVR-20131216/lib/gcc/avr/4.8.1/:/usr/local/CrossPack-AVR-20131216/lib/gcc/avr/:/usr/local/CrossPack-AVR-20131216/lib/gcc/avr/4.8.1/../../../../avr/bin/
LIBRARY_PATH=/usr/local/CrossPack-AVR-20131216/lib/gcc/avr/4.8.1/:/usr/local/CrossPack-AVR-20131216/lib/gcc/avr/4.8.1/../../../../avr/lib/
COLLECT_GCC_OPTIONS='-g' '-Os' '-mcall-prologues' '-ffunction-sections' '-fdata-sections' '-v' '-o' 'cmTryCompileExec3751407497'
 /usr/local/CrossPack-AVR-20131216/libexec/gcc/avr/4.8.1/collect2 -o cmTryCompileExec3751407497 -L/usr/local/CrossPack-AVR-20131216/lib/gcc/avr/4.8.1 -L/usr/local/CrossPack-AVR-20131216/lib/gcc/avr/4.8.1/../../../../avr/lib CMakeFiles/cmTryCompileExec3751407497.dir/CMakeCCompilerABI.c.obj --start-group -lgcc -lm -lc --end-group


Parsed C implicit link information from above output:
  link line regex: [^( *|.*[/\])(avr-ld|([^/\]+-)?ld|collect2)[^/\]*( |$)]
  ignore line: [Change Dir: /Users/halfdan-rump/projects/satoyama/satoyama-edge/aggregator/build/CMakeFiles/CMakeTmp]
  ignore line: []
  ignore line: [Run Build Command:"/usr/bin/make" "cmTryCompileExec3751407497/fast"]
  ignore line: [/Applications/Xcode.app/Contents/Developer/usr/bin/make -f CMakeFiles/cmTryCompileExec3751407497.dir/build.make CMakeFiles/cmTryCompileExec3751407497.dir/build]
  ignore line: [/usr/local/Cellar/cmake/3.0.2/bin/cmake -E cmake_progress_report /Users/halfdan-rump/projects/satoyama/satoyama-edge/aggregator/build/CMakeFiles/CMakeTmp/CMakeFiles 1]
  ignore line: [Building C object CMakeFiles/cmTryCompileExec3751407497.dir/CMakeCCompilerABI.c.obj]
  ignore line: [/usr/local/CrossPack-AVR/bin/avr-gcc   -g -Os       -mcall-prologues -ffunction-sections -fdata-sections    -o CMakeFiles/cmTryCompileExec3751407497.dir/CMakeCCompilerABI.c.obj   -c /usr/local/Cellar/cmake/3.0.2/share/cmake/Modules/CMakeCCompilerABI.c]
  ignore line: [Linking C executable cmTryCompileExec3751407497]
  ignore line: [/usr/local/Cellar/cmake/3.0.2/bin/cmake -E cmake_link_script CMakeFiles/cmTryCompileExec3751407497.dir/link.txt --verbose=1]
  ignore line: [/usr/local/CrossPack-AVR/bin/avr-gcc  -g -Os       -mcall-prologues -ffunction-sections -fdata-sections   -v CMakeFiles/cmTryCompileExec3751407497.dir/CMakeCCompilerABI.c.obj  -o cmTryCompileExec3751407497   ]
  ignore line: [Using built-in specs.]
  ignore line: [COLLECT_GCC=/usr/local/CrossPack-AVR/bin/avr-gcc]
  ignore line: [COLLECT_LTO_WRAPPER=/usr/local/CrossPack-AVR-20131216/libexec/gcc/avr/4.8.1/lto-wrapper]
  ignore line: [Target: avr]
  ignore line: [Configured with: ../configure --prefix=/usr/local/CrossPack-AVR-20131216 --disable-dependency-tracking --disable-nls --disable-werror --target=avr --enable-languages=c,c++ --disable-libssp --disable-libada --with-dwarf2 --disable-shared --with-avrlibc=yes --with-gmp=/Users/cs/Developer/Repos/Microcontroller/CrossPack-AVR/temporary-install --with-mpfr=/Users/cs/Developer/Repos/Microcontroller/CrossPack-AVR/temporary-install --with-mpc=/Users/cs/Developer/Repos/Microcontroller/CrossPack-AVR/temporary-install]
  ignore line: [Thread model: single]
  ignore line: [gcc version 4.8.1 (GCC) ]
  ignore line: [COMPILER_PATH=/usr/local/CrossPack-AVR-20131216/libexec/gcc/avr/4.8.1/:/usr/local/CrossPack-AVR-20131216/libexec/gcc/avr/4.8.1/:/usr/local/CrossPack-AVR-20131216/libexec/gcc/avr/:/usr/local/CrossPack-AVR-20131216/lib/gcc/avr/4.8.1/:/usr/local/CrossPack-AVR-20131216/lib/gcc/avr/:/usr/local/CrossPack-AVR-20131216/lib/gcc/avr/4.8.1/../../../../avr/bin/]
  ignore line: [LIBRARY_PATH=/usr/local/CrossPack-AVR-20131216/lib/gcc/avr/4.8.1/:/usr/local/CrossPack-AVR-20131216/lib/gcc/avr/4.8.1/../../../../avr/lib/]
  ignore line: [COLLECT_GCC_OPTIONS='-g' '-Os' '-mcall-prologues' '-ffunction-sections' '-fdata-sections' '-v' '-o' 'cmTryCompileExec3751407497']
  link line: [ /usr/local/CrossPack-AVR-20131216/libexec/gcc/avr/4.8.1/collect2 -o cmTryCompileExec3751407497 -L/usr/local/CrossPack-AVR-20131216/lib/gcc/avr/4.8.1 -L/usr/local/CrossPack-AVR-20131216/lib/gcc/avr/4.8.1/../../../../avr/lib CMakeFiles/cmTryCompileExec3751407497.dir/CMakeCCompilerABI.c.obj --start-group -lgcc -lm -lc --end-group]
    arg [/usr/local/CrossPack-AVR-20131216/libexec/gcc/avr/4.8.1/collect2] ==> ignore
    arg [-o] ==> ignore
    arg [cmTryCompileExec3751407497] ==> ignore
    arg [-L/usr/local/CrossPack-AVR-20131216/lib/gcc/avr/4.8.1] ==> dir [/usr/local/CrossPack-AVR-20131216/lib/gcc/avr/4.8.1]
    arg [-L/usr/local/CrossPack-AVR-20131216/lib/gcc/avr/4.8.1/../../../../avr/lib] ==> dir [/usr/local/CrossPack-AVR-20131216/lib/gcc/avr/4.8.1/../../../../avr/lib]
    arg [CMakeFiles/cmTryCompileExec3751407497.dir/CMakeCCompilerABI.c.obj] ==> ignore
    arg [--start-group] ==> ignore
    arg [-lgcc] ==> lib [gcc]
    arg [-lm] ==> lib [m]
    arg [-lc] ==> lib [c]
    arg [--end-group] ==> ignore
  remove lib [gcc]
  collapse library dir [/usr/local/CrossPack-AVR-20131216/lib/gcc/avr/4.8.1] ==> [/usr/local/CrossPack-AVR-20131216/lib/gcc/avr/4.8.1]
  collapse library dir [/usr/local/CrossPack-AVR-20131216/lib/gcc/avr/4.8.1/../../../../avr/lib] ==> [/usr/local/CrossPack-AVR-20131216/avr/lib]
  implicit libs: [m;c]
  implicit dirs: [/usr/local/CrossPack-AVR-20131216/lib/gcc/avr/4.8.1;/usr/local/CrossPack-AVR-20131216/avr/lib]
  implicit fwks: []


Determining if the CXX compiler works passed with the following output:
Change Dir: /Users/halfdan-rump/projects/satoyama/satoyama-edge/aggregator/build/CMakeFiles/CMakeTmp

Run Build Command:"/usr/bin/make" "cmTryCompileExec3686764915/fast"
/Applications/Xcode.app/Contents/Developer/usr/bin/make -f CMakeFiles/cmTryCompileExec3686764915.dir/build.make CMakeFiles/cmTryCompileExec3686764915.dir/build
/usr/local/Cellar/cmake/3.0.2/bin/cmake -E cmake_progress_report /Users/halfdan-rump/projects/satoyama/satoyama-edge/aggregator/build/CMakeFiles/CMakeTmp/CMakeFiles 1
Building CXX object CMakeFiles/cmTryCompileExec3686764915.dir/testCXXCompiler.cxx.obj
/usr/local/CrossPack-AVR/bin/avr-g++    -g -Os       -mcall-prologues -ffunction-sections -fdata-sections -fno-exceptions    -o CMakeFiles/cmTryCompileExec3686764915.dir/testCXXCompiler.cxx.obj -c /Users/halfdan-rump/projects/satoyama/satoyama-edge/aggregator/build/CMakeFiles/CMakeTmp/testCXXCompiler.cxx
Linking CXX executable cmTryCompileExec3686764915
/usr/local/Cellar/cmake/3.0.2/bin/cmake -E cmake_link_script CMakeFiles/cmTryCompileExec3686764915.dir/link.txt --verbose=1
/usr/local/CrossPack-AVR/bin/avr-g++   -g -Os       -mcall-prologues -ffunction-sections -fdata-sections -fno-exceptions   -Wl,--gc-sections -lm CMakeFiles/cmTryCompileExec3686764915.dir/testCXXCompiler.cxx.obj  -o cmTryCompileExec3686764915  


Detecting CXX compiler ABI info compiled with the following output:
Change Dir: /Users/halfdan-rump/projects/satoyama/satoyama-edge/aggregator/build/CMakeFiles/CMakeTmp

Run Build Command:"/usr/bin/make" "cmTryCompileExec1324423591/fast"
/Applications/Xcode.app/Contents/Developer/usr/bin/make -f CMakeFiles/cmTryCompileExec1324423591.dir/build.make CMakeFiles/cmTryCompileExec1324423591.dir/build
/usr/local/Cellar/cmake/3.0.2/bin/cmake -E cmake_progress_report /Users/halfdan-rump/projects/satoyama/satoyama-edge/aggregator/build/CMakeFiles/CMakeTmp/CMakeFiles 1
Building CXX object CMakeFiles/cmTryCompileExec1324423591.dir/CMakeCXXCompilerABI.cpp.obj
/usr/local/CrossPack-AVR/bin/avr-g++    -g -Os       -mcall-prologues -ffunction-sections -fdata-sections -fno-exceptions    -o CMakeFiles/cmTryCompileExec1324423591.dir/CMakeCXXCompilerABI.cpp.obj -c /usr/local/Cellar/cmake/3.0.2/share/cmake/Modules/CMakeCXXCompilerABI.cpp
Linking CXX executable cmTryCompileExec1324423591
/usr/local/Cellar/cmake/3.0.2/bin/cmake -E cmake_link_script CMakeFiles/cmTryCompileExec1324423591.dir/link.txt --verbose=1
/usr/local/CrossPack-AVR/bin/avr-g++   -g -Os       -mcall-prologues -ffunction-sections -fdata-sections -fno-exceptions   -v CMakeFiles/cmTryCompileExec1324423591.dir/CMakeCXXCompilerABI.cpp.obj  -o cmTryCompileExec1324423591   
Using built-in specs.
COLLECT_GCC=/usr/local/CrossPack-AVR/bin/avr-g++
COLLECT_LTO_WRAPPER=/usr/local/CrossPack-AVR-20131216/libexec/gcc/avr/4.8.1/lto-wrapper
Target: avr
Configured with: ../configure --prefix=/usr/local/CrossPack-AVR-20131216 --disable-dependency-tracking --disable-nls --disable-werror --target=avr --enable-languages=c,c++ --disable-libssp --disable-libada --with-dwarf2 --disable-shared --with-avrlibc=yes --with-gmp=/Users/cs/Developer/Repos/Microcontroller/CrossPack-AVR/temporary-install --with-mpfr=/Users/cs/Developer/Repos/Microcontroller/CrossPack-AVR/temporary-install --with-mpc=/Users/cs/Developer/Repos/Microcontroller/CrossPack-AVR/temporary-install
Thread model: single
gcc version 4.8.1 (GCC) 
COMPILER_PATH=/usr/local/CrossPack-AVR-20131216/libexec/gcc/avr/4.8.1/:/usr/local/CrossPack-AVR-20131216/libexec/gcc/avr/4.8.1/:/usr/local/CrossPack-AVR-20131216/libexec/gcc/avr/:/usr/local/CrossPack-AVR-20131216/lib/gcc/avr/4.8.1/:/usr/local/CrossPack-AVR-20131216/lib/gcc/avr/:/usr/local/CrossPack-AVR-20131216/lib/gcc/avr/4.8.1/../../../../avr/bin/
LIBRARY_PATH=/usr/local/CrossPack-AVR-20131216/lib/gcc/avr/4.8.1/:/usr/local/CrossPack-AVR-20131216/lib/gcc/avr/4.8.1/../../../../avr/lib/
COLLECT_GCC_OPTIONS='-g' '-Os' '-mcall-prologues' '-ffunction-sections' '-fdata-sections' '-fno-exceptions' '-v' '-o' 'cmTryCompileExec1324423591'
 /usr/local/CrossPack-AVR-20131216/libexec/gcc/avr/4.8.1/collect2 -o cmTryCompileExec1324423591 -L/usr/local/CrossPack-AVR-20131216/lib/gcc/avr/4.8.1 -L/usr/local/CrossPack-AVR-20131216/lib/gcc/avr/4.8.1/../../../../avr/lib CMakeFiles/cmTryCompileExec1324423591.dir/CMakeCXXCompilerABI.cpp.obj -lgcc -lm --start-group -lgcc -lm -lc --end-group


Parsed CXX implicit link information from above output:
  link line regex: [^( *|.*[/\])(avr-ld|([^/\]+-)?ld|collect2)[^/\]*( |$)]
  ignore line: [Change Dir: /Users/halfdan-rump/projects/satoyama/satoyama-edge/aggregator/build/CMakeFiles/CMakeTmp]
  ignore line: []
  ignore line: [Run Build Command:"/usr/bin/make" "cmTryCompileExec1324423591/fast"]
  ignore line: [/Applications/Xcode.app/Contents/Developer/usr/bin/make -f CMakeFiles/cmTryCompileExec1324423591.dir/build.make CMakeFiles/cmTryCompileExec1324423591.dir/build]
  ignore line: [/usr/local/Cellar/cmake/3.0.2/bin/cmake -E cmake_progress_report /Users/halfdan-rump/projects/satoyama/satoyama-edge/aggregator/build/CMakeFiles/CMakeTmp/CMakeFiles 1]
  ignore line: [Building CXX object CMakeFiles/cmTryCompileExec1324423591.dir/CMakeCXXCompilerABI.cpp.obj]
  ignore line: [/usr/local/CrossPack-AVR/bin/avr-g++    -g -Os       -mcall-prologues -ffunction-sections -fdata-sections -fno-exceptions    -o CMakeFiles/cmTryCompileExec1324423591.dir/CMakeCXXCompilerABI.cpp.obj -c /usr/local/Cellar/cmake/3.0.2/share/cmake/Modules/CMakeCXXCompilerABI.cpp]
  ignore line: [Linking CXX executable cmTryCompileExec1324423591]
  ignore line: [/usr/local/Cellar/cmake/3.0.2/bin/cmake -E cmake_link_script CMakeFiles/cmTryCompileExec1324423591.dir/link.txt --verbose=1]
  ignore line: [/usr/local/CrossPack-AVR/bin/avr-g++   -g -Os       -mcall-prologues -ffunction-sections -fdata-sections -fno-exceptions   -v CMakeFiles/cmTryCompileExec1324423591.dir/CMakeCXXCompilerABI.cpp.obj  -o cmTryCompileExec1324423591   ]
  ignore line: [Using built-in specs.]
  ignore line: [COLLECT_GCC=/usr/local/CrossPack-AVR/bin/avr-g++]
  ignore line: [COLLECT_LTO_WRAPPER=/usr/local/CrossPack-AVR-20131216/libexec/gcc/avr/4.8.1/lto-wrapper]
  ignore line: [Target: avr]
  ignore line: [Configured with: ../configure --prefix=/usr/local/CrossPack-AVR-20131216 --disable-dependency-tracking --disable-nls --disable-werror --target=avr --enable-languages=c,c++ --disable-libssp --disable-libada --with-dwarf2 --disable-shared --with-avrlibc=yes --with-gmp=/Users/cs/Developer/Repos/Microcontroller/CrossPack-AVR/temporary-install --with-mpfr=/Users/cs/Developer/Repos/Microcontroller/CrossPack-AVR/temporary-install --with-mpc=/Users/cs/Developer/Repos/Microcontroller/CrossPack-AVR/temporary-install]
  ignore line: [Thread model: single]
  ignore line: [gcc version 4.8.1 (GCC) ]
  ignore line: [COMPILER_PATH=/usr/local/CrossPack-AVR-20131216/libexec/gcc/avr/4.8.1/:/usr/local/CrossPack-AVR-20131216/libexec/gcc/avr/4.8.1/:/usr/local/CrossPack-AVR-20131216/libexec/gcc/avr/:/usr/local/CrossPack-AVR-20131216/lib/gcc/avr/4.8.1/:/usr/local/CrossPack-AVR-20131216/lib/gcc/avr/:/usr/local/CrossPack-AVR-20131216/lib/gcc/avr/4.8.1/../../../../avr/bin/]
  ignore line: [LIBRARY_PATH=/usr/local/CrossPack-AVR-20131216/lib/gcc/avr/4.8.1/:/usr/local/CrossPack-AVR-20131216/lib/gcc/avr/4.8.1/../../../../avr/lib/]
  ignore line: [COLLECT_GCC_OPTIONS='-g' '-Os' '-mcall-prologues' '-ffunction-sections' '-fdata-sections' '-fno-exceptions' '-v' '-o' 'cmTryCompileExec1324423591']
  link line: [ /usr/local/CrossPack-AVR-20131216/libexec/gcc/avr/4.8.1/collect2 -o cmTryCompileExec1324423591 -L/usr/local/CrossPack-AVR-20131216/lib/gcc/avr/4.8.1 -L/usr/local/CrossPack-AVR-20131216/lib/gcc/avr/4.8.1/../../../../avr/lib CMakeFiles/cmTryCompileExec1324423591.dir/CMakeCXXCompilerABI.cpp.obj -lgcc -lm --start-group -lgcc -lm -lc --end-group]
    arg [/usr/local/CrossPack-AVR-20131216/libexec/gcc/avr/4.8.1/collect2] ==> ignore
    arg [-o] ==> ignore
    arg [cmTryCompileExec1324423591] ==> ignore
    arg [-L/usr/local/CrossPack-AVR-20131216/lib/gcc/avr/4.8.1] ==> dir [/usr/local/CrossPack-AVR-20131216/lib/gcc/avr/4.8.1]
    arg [-L/usr/local/CrossPack-AVR-20131216/lib/gcc/avr/4.8.1/../../../../avr/lib] ==> dir [/usr/local/CrossPack-AVR-20131216/lib/gcc/avr/4.8.1/../../../../avr/lib]
    arg [CMakeFiles/cmTryCompileExec1324423591.dir/CMakeCXXCompilerABI.cpp.obj] ==> ignore
    arg [-lgcc] ==> lib [gcc]
    arg [-lm] ==> lib [m]
    arg [--start-group] ==> ignore
    arg [-lgcc] ==> lib [gcc]
    arg [-lm] ==> lib [m]
    arg [-lc] ==> lib [c]
    arg [--end-group] ==> ignore
  remove lib [gcc]
  remove lib [gcc]
  collapse library dir [/usr/local/CrossPack-AVR-20131216/lib/gcc/avr/4.8.1] ==> [/usr/local/CrossPack-AVR-20131216/lib/gcc/avr/4.8.1]
  collapse library dir [/usr/local/CrossPack-AVR-20131216/lib/gcc/avr/4.8.1/../../../../avr/lib] ==> [/usr/local/CrossPack-AVR-20131216/avr/lib]
  implicit libs: [m;m;c]
  implicit dirs: [/usr/local/CrossPack-AVR-20131216/lib/gcc/avr/4.8.1;/usr/local/CrossPack-AVR-20131216/avr/lib]
  implicit fwks: []


